Arguments: 
  C:\Program Files\nodejs\node.exe C:\Users\Krishna\AppData\Roaming\npm\node_modules\yarn\bin\yarn.js run build

PATH: 
  C:\Program Files (x86)\Intel\Intel(R) Management Engine Components\iCLS\;C:\Program Files\Intel\Intel(R) Management Engine Components\iCLS\;C:\windows\system32;C:\windows;C:\windows\System32\Wbem;C:\windows\System32\WindowsPowerShell\v1.0\;C:\windows\System32\OpenSSH\;C:\Program Files (x86)\Intel\Intel(R) Management Engine Components\DAL;C:\Program Files\Intel\Intel(R) Management Engine Components\DAL;C:\Program Files (x86)\NVIDIA Corporation\PhysX\Common;C:\Program Files\MATLAB\R2019b\bin;C:\MinGW;C:\MinGW\bin;C:\Program Files\Git\cmd;C:\ProgramData\chocolatey\bin;C:\Program Files\Docker\Docker\resources\bin;C:\ProgramData\DockerDesktop\version-bin;C:\Program Files\nodejs\;C:\Users\Krishna\AppData\Local\Microsoft\WindowsApps;;C:\Users\Krishna\AppData\Local\Programs\Microsoft VS Code\bin;C:\Users\Krishna\AppData\Roaming\npm

Yarn version: 
  1.22.4

Node version: 
  14.6.0

Platform: 
  win32 x64

Trace: 
  SyntaxError: C:\Users\Krishna\Desktop\cart\package.json: Unexpected token / in JSON at position 570
      at JSON.parse (<anonymous>)
      at C:\Users\Krishna\AppData\Roaming\npm\node_modules\yarn\lib\cli.js:1625:59
      at Generator.next (<anonymous>)
      at step (C:\Users\Krishna\AppData\Roaming\npm\node_modules\yarn\lib\cli.js:310:30)
      at C:\Users\Krishna\AppData\Roaming\npm\node_modules\yarn\lib\cli.js:321:13

npm manifest: 
  {
    "name": "moviedatabase",
    "version": "0.1.0",
    "private": true,
    "dependencies": {
      "@testing-library/jest-dom": "^4.2.4",
      "@testing-library/react": "^9.5.0",
      "@testing-library/user-event": "^7.2.1",
      "axios": "^0.19.2",
      "react": "^16.13.1",
      "react-dom": "^16.13.1",
      "react-redux": "^7.2.0",
      "react-router-dom": "^5.2.0",
      "react-scripts": "3.4.1",
      "redux": "^4.0.5",
      "redux-persist": "^6.0.0",
      "redux-thunk": "^2.3.0"
    },
    "scripts": {
      "start": "react-scripts start",
      "build":"CI= react-scripts build",
      // "build": "react-scripts build && echo '/* /index.html  200' | cat >build/_redirects ",
      "test": "react-scripts test",
      "eject": "react-scripts eject"
    },
    "eslintConfig": {
      "extends": "react-app"
    },
    "browserslist": {
      "production": [
        ">0.2%",
        "not dead",
        "not op_mini all"
      ],
      "development": [
        "last 1 chrome version",
        "last 1 firefox version",
        "last 1 safari version"
      ]
    }
  }

yarn manifest: 
  No manifest

Lockfile: 
  No lockfile
